\BOOKMARK [0][-]{chapter.1}{\376\377\200\314\146\157}{}% 1
\BOOKMARK [0][-]{chapter.2}{\376\377\167\141\167\040}{}% 2
\BOOKMARK [1][-]{section.2.1}{\376\377\123\237\164\006}{chapter.2}% 3
\BOOKMARK [1][-]{section.2.2}{\376\377\133\236\215\365}{chapter.2}% 4
\BOOKMARK [0][-]{chapter.3}{\376\377\231\156\230\337}{}% 5
\BOOKMARK [1][-]{section.3.1}{\376\377\000F\000a\000s\000t\000i\000n\000g\000\040\166\204\200\314\146\157}{chapter.3}% 6
\BOOKMARK [1][-]{section.3.2}{\376\377\000F\000a\000s\000t\000i\000n\000g\000\040\166\204\133\236\215\365}{chapter.3}% 7
\BOOKMARK [1][-]{section.3.3}{\376\377\231\156\230\337\116\016\155\210\123\026\220\123\120\145\136\267}{chapter.3}% 8
\BOOKMARK [0][-]{chapter.4}{\376\377\137\303\140\001\116\016\122\250\122\233}{}% 9
\BOOKMARK [1][-]{section.4.1}{\376\377\123\237\164\006}{chapter.4}% 10
\BOOKMARK [1][-]{section.4.2}{\376\377\137\161\124\315\131\032\135\364\200\372\166\204\131\026\165\114\126\340\175\040}{chapter.4}% 11
\BOOKMARK [1][-]{section.4.3}{\376\377\176\364\143\001\120\145\136\267\166\204\131\032\135\364\200\372\154\064\136\163}{chapter.4}% 12
\BOOKMARK [1][-]{section.4.4}{\376\377\142\020\225\177\127\213\140\035\176\364}{chapter.4}% 13
\BOOKMARK [0][-]{chapter.5}{\376\377\133\146\116\140\116\016\116\023\154\350}{}% 14
\BOOKMARK [1][-]{section.5.1}{\376\377\133\146\116\140\166\204\123\237\164\006}{chapter.5}% 15
\BOOKMARK [1][-]{section.5.2}{\376\377\122\051\165\050\171\136\176\317\123\357\130\121\140\047}{chapter.5}% 16
\BOOKMARK [1][-]{section.5.3}{\376\377\133\146\116\140\166\204\164\006\140\363\162\266\140\001}{chapter.5}% 17
\BOOKMARK [1][-]{section.5.4}{\376\377\143\320\123\107\116\023\154\350}{chapter.5}% 18
\BOOKMARK [1][-]{section.5.5}{\376\377\131\047\201\021\120\145\136\267}{chapter.5}% 19
\BOOKMARK [0][-]{chapter.6}{\376\377\225\177\133\377}{}% 20
\BOOKMARK [1][-]{section.6.1}{\376\377\210\160\200\001\166\204\147\054\215\050}{chapter.6}% 21
\BOOKMARK [1][-]{section.6.2}{\376\377\142\227\210\160\200\001\142\113\153\265}{chapter.6}% 22
\BOOKMARK [2][-]{subsection.6.2.1}{\376\377\231\156\230\337}{section.6.2}% 23
\BOOKMARK [2][-]{subsection.6.2.2}{\376\377\117\123\200\262\225\073\160\274}{section.6.2}% 24
\BOOKMARK [2][-]{subsection.6.2.3}{\376\377\203\157\162\151}{section.6.2}% 25
\BOOKMARK [2][-]{subsection.6.2.4}{\376\377\176\306\200\336\221\315\177\026\172\013}{section.6.2}% 26
\BOOKMARK [1][-]{section.6.3}{\376\377\133\236\215\365}{chapter.6}% 27
\BOOKMARK [0][-]{chapter.7}{\376\377\116\052\116\272\133\236\215\365}{}% 28
